{
  "RSpec": {
    "coverage": {
      "/Users/isaacfalkenstine/turing/2module/projects/BookClub/config/environment.rb": [
        null,
        1,
        null,
        null,
        1
      ],
      "/Users/isaacfalkenstine/turing/2module/projects/BookClub/config/application.rb": [
        1,
        null,
        1,
        null,
        1,
        1,
        1,
        1,
        1,
        1,
        1,
        1,
        null,
        null,
        null,
        null,
        1,
        null,
        1,
        1,
        null,
        1,
        null,
        null,
        null,
        null,
        null,
        null,
        1,
        null,
        null
      ],
      "/Users/isaacfalkenstine/turing/2module/projects/BookClub/config/boot.rb": [
        1,
        null,
        1
      ],
      "/Users/isaacfalkenstine/turing/2module/projects/BookClub/config/environments/test.rb": [
        1,
        null,
        null,
        null,
        null,
        null,
        null,
        1,
        null,
        null,
        null,
        null,
        1,
        null,
        null,
        1,
        1,
        null,
        null,
        null,
        null,
        1,
        1,
        null,
        null,
        1,
        null,
        null,
        1,
        1,
        null,
        null,
        null,
        null,
        1,
        null,
        null,
        1,
        null,
        null,
        null,
        null
      ],
      "/Users/isaacfalkenstine/turing/2module/projects/BookClub/config/initializers/application_controller_renderer.rb": [
        null,
        null,
        null,
        null,
        null,
        null,
        null,
        null
      ],
      "/Users/isaacfalkenstine/turing/2module/projects/BookClub/config/initializers/assets.rb": [
        null,
        null,
        null,
        1,
        null,
        null,
        null,
        null,
        1,
        null,
        null,
        null,
        null,
        null
      ],
      "/Users/isaacfalkenstine/turing/2module/projects/BookClub/config/initializers/backtrace_silencers.rb": [
        null,
        null,
        null,
        null,
        null,
        null,
        null
      ],
      "/Users/isaacfalkenstine/turing/2module/projects/BookClub/config/initializers/cookies_serializer.rb": [
        null,
        null,
        null,
        null,
        1
      ],
      "/Users/isaacfalkenstine/turing/2module/projects/BookClub/config/initializers/filter_parameter_logging.rb": [
        null,
        null,
        null,
        1
      ],
      "/Users/isaacfalkenstine/turing/2module/projects/BookClub/config/initializers/inflections.rb": [
        null,
        null,
        null,
        null,
        null,
        null,
        null,
        null,
        null,
        null,
        null,
        null,
        null,
        null,
        null,
        null
      ],
      "/Users/isaacfalkenstine/turing/2module/projects/BookClub/config/initializers/mime_types.rb": [
        null,
        null,
        null,
        null
      ],
      "/Users/isaacfalkenstine/turing/2module/projects/BookClub/config/initializers/wrap_parameters.rb": [
        null,
        null,
        null,
        null,
        null,
        null,
        1,
        2,
        null,
        null,
        null,
        null,
        null,
        null
      ],
      "/Users/isaacfalkenstine/turing/2module/projects/BookClub/config/routes.rb": [
        1,
        null,
        null,
        1,
        null
      ],
      "/Users/isaacfalkenstine/turing/2module/projects/BookClub/app/helpers/application_helper.rb": [
        1,
        null
      ],
      "/Users/isaacfalkenstine/turing/2module/projects/BookClub/spec/features/user_sees_all_books_spec.rb": [
        1,
        null,
        1,
        1,
        1,
        1,
        null,
        1,
        null,
        1,
        1,
        null,
        1,
        null,
        1,
        null,
        1,
        1,
        1,
        1,
        null,
        1,
        1,
        1,
        1,
        null,
        null,
        1,
        1,
        1,
        1,
        1,
        1,
        null,
        null,
        null,
        1,
        null,
        null,
        null,
        null,
        1,
        1,
        1,
        1,
        1,
        1,
        1,
        null,
        1,
        null,
        1,
        1,
        null,
        null,
        1,
        1,
        1,
        1,
        1,
        1,
        1,
        1,
        1,
        1,
        1,
        1,
        1,
        1,
        null,
        null,
        null,
        null,
        1,
        1,
        1,
        1,
        1,
        1,
        null,
        null,
        null,
        1,
        null,
        null,
        null,
        null,
        1,
        1,
        1,
        1,
        1,
        1,
        1,
        null,
        1,
        1,
        1,
        1,
        null,
        null,
        null,
        1,
        1,
        1,
        1,
        1,
        1,
        1,
        null,
        null,
        null,
        1,
        null,
        null,
        null,
        null,
        1,
        1,
        1,
        1,
        1,
        1,
        1,
        null,
        1,
        1,
        1,
        1,
        null,
        null,
        1,
        1,
        1,
        1,
        1,
        1,
        null,
        null,
        null,
        1,
        null,
        null,
        null,
        null,
        1,
        1,
        1,
        1,
        1,
        1,
        1,
        null,
        1,
        null,
        1,
        1,
        1,
        1,
        1,
        1,
        null,
        null,
        1,
        null,
        null,
        1,
        null,
        null,
        1,
        1,
        null,
        null,
        null,
        1,
        null,
        1,
        null,
        null,
        null,
        null,
        1,
        null,
        null,
        null,
        null,
        null,
        null,
        null,
        1,
        1,
        null,
        null,
        null,
        null,
        null,
        null,
        1,
        1,
        null,
        null,
        null,
        null,
        1,
        null,
        null,
        null,
        null,
        1,
        null,
        null,
        null,
        null,
        null,
        null,
        1,
        1,
        null,
        null,
        null,
        null,
        1,
        null,
        null,
        null,
        null,
        null,
        1,
        null,
        1,
        1,
        1,
        null,
        null
      ],
      "/Users/isaacfalkenstine/turing/2module/projects/BookClub/spec/models/author_spec.rb": [
        1,
        1,
        1,
        2,
        null,
        1,
        2,
        2,
        null,
        null
      ],
      "/Users/isaacfalkenstine/turing/2module/projects/BookClub/app/models/author.rb": [
        1,
        1,
        1,
        1,
        null
      ],
      "/Users/isaacfalkenstine/turing/2module/projects/BookClub/app/models/application_record.rb": [
        1,
        1,
        null
      ],
      "/Users/isaacfalkenstine/turing/2module/projects/BookClub/spec/models/book_authors_spec.rb": [
        1,
        1,
        1,
        2,
        2,
        null,
        null
      ],
      "/Users/isaacfalkenstine/turing/2module/projects/BookClub/app/models/book_author.rb": [
        1,
        1,
        1,
        null
      ],
      "/Users/isaacfalkenstine/turing/2module/projects/BookClub/spec/models/book_spec.rb": [
        1,
        1,
        1,
        2,
        2,
        2,
        null,
        1,
        2,
        2,
        2,
        null,
        null,
        null,
        1,
        null,
        null,
        12,
        null,
        null,
        12,
        12,
        null,
        null,
        null,
        12,
        null,
        12,
        null,
        null,
        null,
        null,
        12,
        null,
        null,
        null,
        null,
        null,
        null,
        null,
        12,
        12,
        null,
        null,
        null,
        null,
        null,
        null,
        12,
        12,
        null,
        null,
        null,
        null,
        12,
        null,
        null,
        null,
        null,
        12,
        null,
        null,
        null,
        null,
        null,
        null,
        12,
        12,
        null,
        null,
        null,
        null,
        12,
        null,
        null,
        null,
        null,
        null,
        null,
        1,
        1,
        1,
        null,
        1,
        1,
        1,
        null,
        1,
        1,
        1,
        null,
        1,
        1,
        1,
        null,
        1,
        1,
        1,
        1,
        1,
        null,
        1,
        1,
        1,
        1,
        1,
        null,
        1,
        1,
        1,
        1,
        1,
        null,
        1,
        1,
        1,
        1,
        1,
        null,
        1,
        1,
        1,
        1,
        1,
        null,
        null,
        null
      ],
      "/Users/isaacfalkenstine/turing/2module/projects/BookClub/app/models/book.rb": [
        1,
        1,
        1,
        1,
        1,
        1,
        1,
        null,
        1,
        9,
        null,
        null,
        1,
        null,
        null,
        null,
        34,
        null,
        null,
        1,
        4,
        null,
        null,
        1,
        4,
        null,
        null,
        null,
        null,
        null,
        1,
        30,
        null,
        null,
        1,
        5,
        2,
        2,
        3,
        1,
        1,
        1,
        2,
        1,
        1,
        null,
        1,
        1,
        null,
        5,
        null,
        null
      ],
      "/Users/isaacfalkenstine/turing/2module/projects/BookClub/spec/models/review_spec.rb": [
        1,
        1,
        1,
        2,
        2,
        2,
        2,
        2,
        null,
        1,
        2,
        2,
        null,
        null
      ],
      "/Users/isaacfalkenstine/turing/2module/projects/BookClub/app/models/review.rb": [
        1,
        1,
        1,
        1,
        1,
        1,
        null,
        1,
        1,
        null,
        1,
        5,
        null,
        null
      ],
      "/Users/isaacfalkenstine/turing/2module/projects/BookClub/spec/models/user_spec.rb": [
        1,
        1,
        1,
        null,
        null,
        3,
        null,
        null,
        3,
        3,
        null,
        null,
        null,
        3,
        null,
        3,
        null,
        null,
        null,
        null,
        3,
        null,
        null,
        null,
        null,
        null,
        null,
        null,
        3,
        3,
        null,
        null,
        null,
        null,
        null,
        null,
        3,
        3,
        null,
        null,
        null,
        null,
        3,
        null,
        null,
        null,
        null,
        3,
        null,
        null,
        null,
        null,
        null,
        null,
        3,
        3,
        null,
        null,
        null,
        null,
        3,
        null,
        null,
        null,
        null,
        null,
        1,
        2,
        null,
        1,
        2,
        null,
        1,
        1,
        1,
        1,
        1,
        1,
        null,
        null,
        null
      ],
      "/Users/isaacfalkenstine/turing/2module/projects/BookClub/app/models/user.rb": [
        1,
        1,
        1,
        null,
        1,
        30,
        null,
        null,
        null,
        30,
        null,
        null
      ],
      "/Users/isaacfalkenstine/turing/2module/projects/BookClub/app/controllers/books_controller.rb": [
        1,
        1,
        13,
        2,
        11,
        2,
        9,
        2,
        null,
        7,
        null,
        13,
        13,
        13,
        13,
        null,
        null,
        1,
        5,
        5,
        null,
        null,
        1,
        1,
        null,
        null,
        1,
        1,
        1,
        null,
        null,
        1,
        1,
        1,
        null,
        null,
        null,
        null,
        null,
        1,
        null,
        1,
        1,
        null
      ],
      "/Users/isaacfalkenstine/turing/2module/projects/BookClub/app/controllers/application_controller.rb": [
        1,
        1,
        null
      ]
    },
    "timestamp": 1539460910
  }
}
